dst Sun Mar 18 00:10:00 PDT filer1:vol1 filer2:vol1 Request (Scheduled)
dst Sun Mar 18 00:10:05 PDT filer1:vol1 filer2:vol1 Start
dst Sun Mar 18 00:12:27 PDT filer1:vol1 filer2:vol1 End (225440 KB)
dst Sun Mar 18 01:10:00 PDT filer1:vol1 filer2:vol1 Request (Scheduled)
dst Sun Mar 18 01:10:05 PDT filer1:vol1 filer2:vol1 Start
dst Sun Mar 18 01:12:43 PDT filer1:vol1 filer2:vol1 End (597596 KB)
dst Sun Mar 18 02:10:00 PDT filer1:vol1 filer2:vol1 Request (Scheduled)
dst Sun Mar 18 02:10:05 PDT filer1:vol1 filer2:vol1 Start
dst Sun Mar 18 02:14:46 PDT filer1:vol1 filer2:vol1 End (599944 KB)
dst Sun Mar 18 03:10:00 PDT filer1:vol1 filer2:vol1 Request (Scheduled)
dst Sun Mar 18 03:10:05 PDT filer1:vol1 filer2:vol1 Start
dst Sun Mar 18 03:15:22 PDT filer1:vol1 filer2:vol1 End (599384 KB)
dst Sun Mar 18 04:10:00 PDT filer1:vol1 filer2:vol1 Request (Scheduled)
dst Sun Mar 18 04:10:05 PDT filer1:vol1 filer2:vol1 Start
dst Sun Mar 18 04:10:54 PDT filer1:vol1 filer2:vol1 End (33836 KB)
dst Sun Mar 18 05:10:00 PDT filer1:vol1 filer2:vol1 Request (Scheduled)
dst Sun Mar 18 05:10:05 PDT filer1:vol1 filer2:vol1 Start
dst Sun Mar 18 05:13:31 PDT filer1:vol1 filer2:vol1 End (601100 KB)
dst Sun Mar 18 06:10:00 PDT filer1:vol1 filer2:vol1 Request (Scheduled)
dst Sun Mar 18 06:10:05 PDT filer1:vol1 filer2:vol1 Start
dst Sun Mar 18 06:12:58 PDT filer1:vol1 filer2:vol1 End (598632 KB)
dst Sun Mar 18 07:10:00 PDT filer1:vol1 filer2:vol1 Request (Scheduled)
dst Sun Mar 18 07:10:05 PDT filer1:vol1 filer2:vol1 Start
dst Sun Mar 18 07:12:49 PDT filer1:vol1 filer2:vol1 End (598412 KB)
dst Sun Mar 18 08:10:00 PDT filer1:vol1 filer2:vol1 Request (Scheduled)
dst Sun Mar 18 08:10:05 PDT filer1:vol1 filer2:vol1 Start
dst Sun Mar 18 08:12:58 PDT filer1:vol1 filer2:vol1 End (600752 KB)
dst Sun Mar 18 09:10:00 PDT filer1:vol1 filer2:vol1 Request (Scheduled)
dst Sun Mar 18 09:10:05 PDT filer1:vol1 filer2:vol1 Start
dst Sun Mar 18 09:14:48 PDT filer1:vol1 filer2:vol1 End (598168 KB)
dst Sun Mar 18 10:10:00 PDT filer1:vol1 filer2:vol1 Request (Scheduled)
dst Sun Mar 18 10:10:06 PDT filer1:vol1 filer2:vol1 Start
dst Sun Mar 18 10:13:00 PDT filer1:vol1 filer2:vol1 End (599136 KB)
dst Sun Mar 18 11:10:00 PDT filer1:vol1 filer2:vol1 Request (Scheduled)
dst Sun Mar 18 11:10:06 PDT filer1:vol1 filer2:vol1 Start
dst Sun Mar 18 11:11:30 PDT filer1:vol1 filer2:vol1 End (223780 KB)
dst Sun Mar 18 12:10:00 PDT filer1:vol1 filer2:vol1 Request (Scheduled)
dst Sun Mar 18 12:10:38 PDT filer1:vol1 filer2:vol1 Start
dst Sun Mar 18 12:12:14 PDT filer1:vol1 filer2:vol1 End (107860 KB)
dst Sun Mar 18 13:10:00 PDT filer1:vol1 filer2:vol1 Request (Scheduled)
dst Sun Mar 18 13:10:06 PDT filer1:vol1 filer2:vol1 Start
dst Sun Mar 18 13:19:01 PDT filer1:vol1 filer2:vol1 End (602420 KB)
dst Sun Mar 18 14:10:00 PDT filer1:vol1 filer2:vol1 Request (Scheduled)
dst Sun Mar 18 14:10:05 PDT filer1:vol1 filer2:vol1 Start
dst Sun Mar 18 14:10:39 PDT filer1:vol1 filer2:vol1 End (35700 KB)
dst Sun Mar 18 15:10:00 PDT filer1:vol1 filer2:vol1 Request (Scheduled)
dst Sun Mar 18 15:10:05 PDT filer1:vol1 filer2:vol1 Start
dst Sun Mar 18 15:14:28 PDT filer1:vol1 filer2:vol1 End (600648 KB)
dst Sun Mar 18 16:10:00 PDT filer1:vol1 filer2:vol1 Request (Scheduled)
dst Sun Mar 18 16:10:05 PDT filer1:vol1 filer2:vol1 Start
dst Sun Mar 18 16:15:43 PDT filer1:vol1 filer2:vol1 End (599680 KB)
dst Sun Mar 18 17:10:00 PDT filer1:vol1 filer2:vol1 Request (Scheduled)
dst Sun Mar 18 17:10:05 PDT filer1:vol1 filer2:vol1 Start
dst Sun Mar 18 17:10:41 PDT filer1:vol1 filer2:vol1 End (35176 KB)
dst Sun Mar 18 18:10:00 PDT filer1:vol1 filer2:vol1 Request (Scheduled)
dst Sun Mar 18 18:10:05 PDT filer1:vol1 filer2:vol1 Start
dst Sun Mar 18 18:17:31 PDT filer1:vol1 filer2:vol1 End (598584 KB)
dst Sun Mar 18 19:10:00 PDT filer1:vol1 filer2:vol1 Request (Scheduled)
dst Sun Mar 18 19:10:05 PDT filer1:vol1 filer2:vol1 Start
dst Sun Mar 18 19:10:57 PDT filer1:vol1 filer2:vol1 End (35548 KB)
dst Sun Mar 18 20:10:00 PDT filer1:vol1 filer2:vol1 Request (Scheduled)
dst Sun Mar 18 20:10:40 PDT filer1:vol1 filer2:vol1 Start
dst Sun Mar 18 20:11:53 PDT filer1:vol1 filer2:vol1 End (35164 KB)
dst Sun Mar 18 21:10:00 PDT filer1:vol1 filer2:vol1 Request (Scheduled)
dst Sun Mar 18 21:10:05 PDT filer1:vol1 filer2:vol1 Start
dst Sun Mar 18 21:12:27 PDT filer1:vol1 filer2:vol1 End (239580 KB)
dst Sun Mar 18 22:10:00 PDT filer1:vol1 filer2:vol1 Request (Scheduled)
dst Sun Mar 18 22:10:05 PDT filer1:vol1 filer2:vol1 Start
dst Sun Mar 18 22:12:45 PDT filer1:vol1 filer2:vol1 End (599332 KB)
dst Sun Mar 18 23:10:00 PDT filer1:vol1 filer2:vol1 Request (Scheduled)
dst Sun Mar 18 23:10:05 PDT filer1:vol1 filer2:vol1 Start
dst Sun Mar 18 23:12:44 PDT filer1:vol1 filer2:vol1 End (599104 KB)
dst Mon Mar 19 00:10:00 PDT filer1:vol1 filer2:vol1 Request (Scheduled)
dst Mon Mar 19 00:10:11 PDT filer1:vol1 filer2:vol1 Start
dst Mon Mar 19 00:13:09 PDT filer1:vol1 filer2:vol1 End (613820 KB)
dst Mon Mar 19 01:10:00 PDT filer1:vol1 filer2:vol1 Request (Scheduled)
dst Mon Mar 19 01:10:06 PDT filer1:vol1 filer2:vol1 Start
dst Mon Mar 19 01:18:22 PDT filer1:vol1 filer2:vol1 End (598692 KB)
dst Mon Mar 19 02:10:00 PDT filer1:vol1 filer2:vol1 Request (Scheduled)
dst Mon Mar 19 02:10:06 PDT filer1:vol1 filer2:vol1 Start
dst Mon Mar 19 02:22:33 PDT filer1:vol1 filer2:vol1 End (598172 KB)
dst Mon Mar 19 03:10:00 PDT filer1:vol1 filer2:vol1 Request (Scheduled)
dst Mon Mar 19 03:10:05 PDT filer1:vol1 filer2:vol1 Start
dst Mon Mar 19 03:10:44 PDT filer1:vol1 filer2:vol1 End (34292 KB)
dst Mon Mar 19 04:10:00 PDT filer1:vol1 filer2:vol1 Request (Scheduled)
dst Mon Mar 19 04:10:06 PDT filer1:vol1 filer2:vol1 Start
dst Mon Mar 19 04:14:13 PDT filer1:vol1 filer2:vol1 End (886136 KB)
dst Mon Mar 19 05:10:00 PDT filer1:vol1 filer2:vol1 Request (Scheduled)
dst Mon Mar 19 05:10:05 PDT filer1:vol1 filer2:vol1 Start
dst Mon Mar 19 05:12:31 PDT filer1:vol1 filer2:vol1 End (597256 KB)
dst Mon Mar 19 06:10:00 PDT filer1:vol1 filer2:vol1 Request (Scheduled)
dst Mon Mar 19 06:10:05 PDT filer1:vol1 filer2:vol1 Start
dst Mon Mar 19 06:14:23 PDT filer1:vol1 filer2:vol1 End (598160 KB)
dst Mon Mar 19 07:10:00 PDT filer1:vol1 filer2:vol1 Request (Scheduled)
dst Mon Mar 19 07:10:07 PDT filer1:vol1 filer2:vol1 Start
dst Mon Mar 19 07:16:28 PDT filer1:vol1 filer2:vol1 End (1579176 KB)
dst Mon Mar 19 08:10:00 PDT filer1:vol1 filer2:vol1 Request (Scheduled)
dst Mon Mar 19 08:10:06 PDT filer1:vol1 filer2:vol1 Start
dst Mon Mar 19 08:19:00 PDT filer1:vol1 filer2:vol1 End (2558592 KB)
dst Mon Mar 19 09:10:00 PDT filer1:vol1 filer2:vol1 Request (Scheduled)
dst Mon Mar 19 09:10:06 PDT filer1:vol1 filer2:vol1 Start
dst Mon Mar 19 09:13:22 PDT filer1:vol1 filer2:vol1 End (598596 KB)
dst Mon Mar 19 10:10:00 PDT filer1:vol1 filer2:vol1 Request (Scheduled)
dst Mon Mar 19 10:10:06 PDT filer1:vol1 filer2:vol1 Start
dst Mon Mar 19 10:12:43 PDT filer1:vol1 filer2:vol1 End (598528 KB)
dst Mon Mar 19 11:10:00 PDT filer1:vol1 filer2:vol1 Request (Scheduled)
dst Mon Mar 19 11:10:06 PDT filer1:vol1 filer2:vol1 Start
dst Mon Mar 19 12:08:07 PDT filer1:vol1 filer2:vol1 End (4231868 KB)
dst Mon Mar 19 12:10:00 PDT filer1:vol1 filer2:vol1 Request (Scheduled)
dst Mon Mar 19 12:10:05 PDT filer1:vol1 filer2:vol1 Start
dst Mon Mar 19 12:11:09 PDT filer1:vol1 filer2:vol1 End (32196 KB)
dst Mon Mar 19 13:10:00 PDT filer1:vol1 filer2:vol1 Request (Scheduled)
dst Mon Mar 19 13:10:05 PDT filer1:vol1 filer2:vol1 Start
dst Mon Mar 19 13:15:12 PDT filer1:vol1 filer2:vol1 End (477676 KB)
dst Mon Mar 19 14:10:00 PDT filer1:vol1 filer2:vol1 Request (Scheduled)
dst Mon Mar 19 14:10:05 PDT filer1:vol1 filer2:vol1 Start
dst Mon Mar 19 14:11:41 PDT filer1:vol1 filer2:vol1 End (58916 KB)
dst Mon Mar 19 15:10:00 PDT filer1:vol1 filer2:vol1 Request (Scheduled)
dst Mon Mar 19 15:10:05 PDT filer1:vol1 filer2:vol1 Start
dst Mon Mar 19 15:11:40 PDT filer1:vol1 filer2:vol1 End (35080 KB)
dst Mon Mar 19 16:10:00 PDT filer1:vol1 filer2:vol1 Request (Scheduled)
dst Mon Mar 19 16:10:05 PDT filer1:vol1 filer2:vol1 Start
dst Mon Mar 19 16:11:59 PDT filer1:vol1 filer2:vol1 End (87780 KB)
dst Mon Mar 19 17:10:00 PDT filer1:vol1 filer2:vol1 Request (Scheduled)
dst Mon Mar 19 17:10:05 PDT filer1:vol1 filer2:vol1 Start
dst Mon Mar 19 17:19:48 PDT filer1:vol1 filer2:vol1 End (597084 KB)
dst Mon Mar 19 18:10:00 PDT filer1:vol1 filer2:vol1 Request (Scheduled)
dst Mon Mar 19 18:10:05 PDT filer1:vol1 filer2:vol1 Start
dst Mon Mar 19 18:17:21 PDT filer1:vol1 filer2:vol1 End (1605388 KB)
dst Mon Mar 19 19:10:00 PDT filer1:vol1 filer2:vol1 Request (Scheduled)
dst Mon Mar 19 19:10:05 PDT filer1:vol1 filer2:vol1 Start
dst Mon Mar 19 19:16:43 PDT filer1:vol1 filer2:vol1 End (598492 KB)
dst Mon Mar 19 20:10:00 PDT filer1:vol1 filer2:vol1 Request (Scheduled)
dst Mon Mar 19 20:10:06 PDT filer1:vol1 filer2:vol1 Start
dst Mon Mar 19 20:12:35 PDT filer1:vol1 filer2:vol1 End (597224 KB)
dst Mon Mar 19 21:10:00 PDT filer1:vol1 filer2:vol1 Request (Scheduled)
dst Mon Mar 19 21:10:06 PDT filer1:vol1 filer2:vol1 Start
dst Mon Mar 19 23:06:57 PDT filer1:vol1 filer2:vol1 End (7783096 KB)
dst Mon Mar 19 23:07:00 PDT filer1:vol1 filer2:vol1 Request (Scheduled)
dst Mon Mar 19 23:07:02 PDT filer1:vol1 filer2:vol1 Abort (transfer from source not possible; snapmirror may be misconfigured, the source volume may be busy or unavailable)
dst Mon Mar 19 23:08:00 PDT filer1:vol1 filer2:vol1 Request (Retry)
dst Mon Mar 19 23:08:06 PDT filer1:vol1 filer2:vol1 Start
dst Mon Mar 19 23:09:21 PDT filer1:vol1 filer2:vol1 End (50036 KB)
dst Mon Mar 19 23:10:00 PDT filer1:vol1 filer2:vol1 Request (Scheduled)
dst Mon Mar 19 23:10:06 PDT filer1:vol1 filer2:vol1 Start
dst Mon Mar 19 23:10:15 PDT filer1:vol1 filer2:vol1 End (2424 KB)
dst Tue Mar 20 00:10:00 PDT filer1:vol1 filer2:vol1 Request (Scheduled)
dst Tue Mar 20 00:10:06 PDT filer1:vol1 filer2:vol1 Start
dst Tue Mar 20 00:13:00 PDT filer1:vol1 filer2:vol1 End (429860 KB)
dst Tue Mar 20 01:10:00 PDT filer1:vol1 filer2:vol1 Request (Scheduled)
dst Tue Mar 20 01:10:06 PDT filer1:vol1 filer2:vol1 Start
dst Tue Mar 20 01:12:30 PDT filer1:vol1 filer2:vol1 End (597132 KB)
dst Tue Mar 20 02:10:00 PDT filer1:vol1 filer2:vol1 Request (Scheduled)
dst Tue Mar 20 02:10:06 PDT filer1:vol1 filer2:vol1 Start
dst Tue Mar 20 02:29:43 PDT filer1:vol1 filer2:vol1 End (598100 KB)
dst Tue Mar 20 03:10:00 PDT filer1:vol1 filer2:vol1 Request (Scheduled)
dst Tue Mar 20 03:10:05 PDT filer1:vol1 filer2:vol1 Start
dst Tue Mar 20 03:11:45 PDT filer1:vol1 filer2:vol1 End (225048 KB)
dst Tue Mar 20 04:10:00 PDT filer1:vol1 filer2:vol1 Request (Scheduled)
dst Tue Mar 20 04:10:05 PDT filer1:vol1 filer2:vol1 Start
dst Tue Mar 20 04:13:36 PDT filer1:vol1 filer2:vol1 End (596952 KB)
dst Tue Mar 20 05:10:00 PDT filer1:vol1 filer2:vol1 Request (Scheduled)
dst Tue Mar 20 05:10:05 PDT filer1:vol1 filer2:vol1 Start
dst Tue Mar 20 05:17:47 PDT filer1:vol1 filer2:vol1 End (791436 KB)
dst Tue Mar 20 06:10:00 PDT filer1:vol1 filer2:vol1 Request (Scheduled)
dst Tue Mar 20 06:10:05 PDT filer1:vol1 filer2:vol1 Start
dst Tue Mar 20 06:13:23 PDT filer1:vol1 filer2:vol1 End (598524 KB)
dst Tue Mar 20 07:10:00 PDT filer1:vol1 filer2:vol1 Request (Scheduled)
dst Tue Mar 20 07:10:05 PDT filer1:vol1 filer2:vol1 Start
dst Tue Mar 20 07:15:09 PDT filer1:vol1 filer2:vol1 End (597096 KB)
dst Tue Mar 20 08:10:00 PDT filer1:vol1 filer2:vol1 Request (Scheduled)
dst Tue Mar 20 08:10:06 PDT filer1:vol1 filer2:vol1 Start
dst Tue Mar 20 08:13:01 PDT filer1:vol1 filer2:vol1 End (616684 KB)
dst Tue Mar 20 09:10:00 PDT filer1:vol1 filer2:vol1 Request (Scheduled)
dst Tue Mar 20 09:10:05 PDT filer1:vol1 filer2:vol1 Start
dst Tue Mar 20 09:17:48 PDT filer1:vol1 filer2:vol1 End (598160 KB)
dst Tue Mar 20 10:10:00 PDT filer1:vol1 filer2:vol1 Request (Scheduled)
dst Tue Mar 20 10:10:05 PDT filer1:vol1 filer2:vol1 Start
dst Tue Mar 20 10:11:56 PDT filer1:vol1 filer2:vol1 End (141240 KB)
dst Tue Mar 20 11:10:00 PDT filer1:vol1 filer2:vol1 Request (Scheduled)
dst Tue Mar 20 11:10:05 PDT filer1:vol1 filer2:vol1 Start
dst Tue Mar 20 11:29:22 PDT filer1:vol1 filer2:vol1 End (705892 KB)
dst Tue Mar 20 12:10:00 PDT filer1:vol1 filer2:vol1 Request (Scheduled)
dst Tue Mar 20 12:10:06 PDT filer1:vol1 filer2:vol1 Start
dst Tue Mar 20 13:12:21 PDT filer1:vol1 filer2:vol1 End (4028960 KB)
dst Tue Mar 20 13:13:00 PDT filer1:vol1 filer2:vol1 Request (Scheduled)
dst Tue Mar 20 13:13:23 PDT filer1:vol1 filer2:vol1 Start
dst Tue Mar 20 13:29:22 PDT filer1:vol1 filer2:vol1 End (1163436 KB)
dst Tue Mar 20 14:10:00 PDT filer1:vol1 filer2:vol1 Request (Scheduled)
dst Tue Mar 20 14:10:11 PDT filer1:vol1 filer2:vol1 Start
dst Tue Mar 20 14:19:11 PDT filer1:vol1 filer2:vol1 End (986944 KB)
dst Tue Mar 20 15:10:00 PDT filer1:vol1 filer2:vol1 Request (Scheduled)
dst Tue Mar 20 15:10:29 PDT filer1:vol1 filer2:vol1 Start
dst Tue Mar 20 15:26:59 PDT filer1:vol1 filer2:vol1 Abort (replication transfer failed to complete)
dst Tue Mar 20 15:27:00 PDT filer1:vol1 filer2:vol1 Request (Retry)
dst Tue Mar 20 15:27:05 PDT filer1:vol1 filer2:vol1 Restart (@ 478720 KB)
dst Tue Mar 20 15:41:53 PDT filer1:vol1 filer2:vol1 End (2082936 KB)
dst Tue Mar 20 16:10:00 PDT filer1:vol1 filer2:vol1 Request (Scheduled)
dst Tue Mar 20 16:10:05 PDT filer1:vol1 filer2:vol1 Start
dst Tue Mar 20 16:12:56 PDT filer1:vol1 filer2:vol1 End (234284 KB)
dst Tue Mar 20 17:10:00 PDT filer1:vol1 filer2:vol1 Request (Scheduled)
dst Tue Mar 20 17:10:05 PDT filer1:vol1 filer2:vol1 Start
dst Tue Mar 20 17:12:44 PDT filer1:vol1 filer2:vol1 End (410832 KB)
dst Tue Mar 20 18:10:00 PDT filer1:vol1 filer2:vol1 Request (Scheduled)
dst Tue Mar 20 18:10:05 PDT filer1:vol1 filer2:vol1 Start
dst Tue Mar 20 18:25:40 PDT filer1:vol1 filer2:vol1 End (2775148 KB)
dst Tue Mar 20 19:10:00 PDT filer1:vol1 filer2:vol1 Request (Scheduled)
dst Tue Mar 20 19:10:05 PDT filer1:vol1 filer2:vol1 Start
dst Tue Mar 20 19:16:07 PDT filer1:vol1 filer2:vol1 End (519360 KB)
dst Tue Mar 20 20:10:00 PDT filer1:vol1 filer2:vol1 Request (Scheduled)
dst Tue Mar 20 20:10:05 PDT filer1:vol1 filer2:vol1 Start
dst Tue Mar 20 20:21:20 PDT filer1:vol1 filer2:vol1 End (2026996 KB)
dst Tue Mar 20 21:10:00 PDT filer1:vol1 filer2:vol1 Request (Scheduled)
dst Tue Mar 20 21:10:06 PDT filer1:vol1 filer2:vol1 Start
dst Tue Mar 20 21:14:10 PDT filer1:vol1 filer2:vol1 End (810856 KB)
dst Tue Mar 20 22:10:00 PDT filer1:vol1 filer2:vol1 Request (Scheduled)
dst Tue Mar 20 22:10:05 PDT filer1:vol1 filer2:vol1 Start
dst Tue Mar 20 22:14:47 PDT filer1:vol1 filer2:vol1 End (642328 KB)
dst Tue Mar 20 23:10:00 PDT filer1:vol1 filer2:vol1 Request (Scheduled)
dst Tue Mar 20 23:10:05 PDT filer1:vol1 filer2:vol1 Start
dst Tue Mar 20 23:12:41 PDT filer1:vol1 filer2:vol1 End (598792 KB)
dst Wed Mar 21 00:10:00 PDT filer1:vol1 filer2:vol1 Request (Scheduled)
dst Wed Mar 21 00:10:06 PDT filer1:vol1 filer2:vol1 Start
dst Wed Mar 21 00:13:23 PDT filer1:vol1 filer2:vol1 End (625944 KB)
dst Wed Mar 21 01:10:00 PDT filer1:vol1 filer2:vol1 Request (Scheduled)
dst Wed Mar 21 01:10:05 PDT filer1:vol1 filer2:vol1 Start
dst Wed Mar 21 01:12:48 PDT filer1:vol1 filer2:vol1 End (598532 KB)
dst Wed Mar 21 02:10:00 PDT filer1:vol1 filer2:vol1 Request (Scheduled)
dst Wed Mar 21 02:10:08 PDT filer1:vol1 filer2:vol1 Start
dst Wed Mar 21 02:14:18 PDT filer1:vol1 filer2:vol1 End (619176 KB)
dst Wed Mar 21 03:10:00 PDT filer1:vol1 filer2:vol1 Request (Scheduled)
dst Wed Mar 21 03:10:06 PDT filer1:vol1 filer2:vol1 Start
dst Wed Mar 21 03:26:08 PDT filer1:vol1 filer2:vol1 End (4787552 KB)
dst Wed Mar 21 04:10:00 PDT filer1:vol1 filer2:vol1 Request (Scheduled)
dst Wed Mar 21 04:10:06 PDT filer1:vol1 filer2:vol1 Start
dst Wed Mar 21 04:10:39 PDT filer1:vol1 filer2:vol1 End (35200 KB)
dst Wed Mar 21 05:10:00 PDT filer1:vol1 filer2:vol1 Request (Scheduled)
dst Wed Mar 21 05:10:06 PDT filer1:vol1 filer2:vol1 Start
dst Wed Mar 21 05:15:08 PDT filer1:vol1 filer2:vol1 End (1065100 KB)
dst Wed Mar 21 06:10:00 PDT filer1:vol1 filer2:vol1 Request (Scheduled)
dst Wed Mar 21 06:10:07 PDT filer1:vol1 filer2:vol1 Start
dst Wed Mar 21 06:12:34 PDT filer1:vol1 filer2:vol1 End (597848 KB)
dst Wed Mar 21 07:10:00 PDT filer1:vol1 filer2:vol1 Request (Scheduled)
dst Wed Mar 21 07:10:05 PDT filer1:vol1 filer2:vol1 Start
dst Wed Mar 21 07:14:22 PDT filer1:vol1 filer2:vol1 End (789764 KB)
dst Wed Mar 21 08:10:00 PDT filer1:vol1 filer2:vol1 Request (Scheduled)
dst Wed Mar 21 08:10:05 PDT filer1:vol1 filer2:vol1 Start
dst Wed Mar 21 08:12:33 PDT filer1:vol1 filer2:vol1 End (599440 KB)
dst Wed Mar 21 09:10:00 PDT filer1:vol1 filer2:vol1 Request (Scheduled)
dst Wed Mar 21 09:10:05 PDT filer1:vol1 filer2:vol1 Start
dst Wed Mar 21 09:13:46 PDT filer1:vol1 filer2:vol1 End (597368 KB)
dst Wed Mar 21 10:10:00 PDT filer1:vol1 filer2:vol1 Request (Scheduled)
dst Wed Mar 21 10:10:05 PDT filer1:vol1 filer2:vol1 Start
dst Wed Mar 21 10:13:27 PDT filer1:vol1 filer2:vol1 End (598796 KB)
dst Wed Mar 21 11:10:00 PDT filer1:vol1 filer2:vol1 Request (Scheduled)
dst Wed Mar 21 11:10:08 PDT filer1:vol1 filer2:vol1 Start
dst Wed Mar 21 11:41:52 PDT filer1:vol1 filer2:vol1 Abort (replication transfer failed to complete)
dst Wed Mar 21 11:42:00 PDT filer1:vol1 filer2:vol1 Request (Retry)
dst Wed Mar 21 11:42:04 PDT filer1:vol1 filer2:vol1 Restart (@ 2366336 KB)
dst Wed Mar 21 11:49:14 PDT filer1:vol1 filer2:vol1 End (3380672 KB)
dst Wed Mar 21 12:10:00 PDT filer1:vol1 filer2:vol1 Request (Scheduled)
dst Wed Mar 21 12:10:05 PDT filer1:vol1 filer2:vol1 Start
dst Wed Mar 21 12:26:30 PDT filer1:vol1 filer2:vol1 End (2071628 KB)
dst Wed Mar 21 13:10:00 PDT filer1:vol1 filer2:vol1 Request (Scheduled)
dst Wed Mar 21 13:10:05 PDT filer1:vol1 filer2:vol1 Start
dst Wed Mar 21 13:11:10 PDT filer1:vol1 filer2:vol1 End (35348 KB)
dst Wed Mar 21 14:10:00 PDT filer1:vol1 filer2:vol1 Request (Scheduled)
dst Wed Mar 21 14:10:29 PDT filer1:vol1 filer2:vol1 Start
dst Wed Mar 21 14:20:08 PDT filer1:vol1 filer2:vol1 End (1047092 KB)
dst Wed Mar 21 15:10:00 PDT filer1:vol1 filer2:vol1 Request (Scheduled)
dst Wed Mar 21 15:10:06 PDT filer1:vol1 filer2:vol1 Start
dst Wed Mar 21 15:17:31 PDT filer1:vol1 filer2:vol1 End (603728 KB)
dst Wed Mar 21 16:10:00 PDT filer1:vol1 filer2:vol1 Request (Scheduled)
dst Wed Mar 21 16:10:05 PDT filer1:vol1 filer2:vol1 Start
dst Wed Mar 21 16:11:04 PDT filer1:vol1 filer2:vol1 End (36100 KB)
dst Wed Mar 21 17:10:00 PDT filer1:vol1 filer2:vol1 Request (Scheduled)
dst Wed Mar 21 17:10:06 PDT filer1:vol1 filer2:vol1 Start
dst Wed Mar 21 17:18:08 PDT filer1:vol1 filer2:vol1 End (2083732 KB)
dst Wed Mar 21 18:10:00 PDT filer1:vol1 filer2:vol1 Request (Scheduled)
dst Wed Mar 21 18:10:06 PDT filer1:vol1 filer2:vol1 Start
dst Wed Mar 21 18:18:06 PDT filer1:vol1 filer2:vol1 End (1354352 KB)
dst Wed Mar 21 19:10:00 PDT filer1:vol1 filer2:vol1 Request (Scheduled)
dst Wed Mar 21 19:10:06 PDT filer1:vol1 filer2:vol1 Start
dst Wed Mar 21 19:15:27 PDT filer1:vol1 filer2:vol1 End (937552 KB)
dst Wed Mar 21 20:10:00 PDT filer1:vol1 filer2:vol1 Request (Scheduled)
dst Wed Mar 21 20:10:06 PDT filer1:vol1 filer2:vol1 Start
dst Wed Mar 21 20:23:04 PDT filer1:vol1 filer2:vol1 End (3421024 KB)
dst Wed Mar 21 21:10:00 PDT filer1:vol1 filer2:vol1 Request (Scheduled)
dst Wed Mar 21 21:10:05 PDT filer1:vol1 filer2:vol1 Start
dst Wed Mar 21 21:12:04 PDT filer1:vol1 filer2:vol1 End (421960 KB)
dst Wed Mar 21 22:10:00 PDT filer1:vol1 filer2:vol1 Request (Scheduled)
dst Wed Mar 21 22:10:08 PDT filer1:vol1 filer2:vol1 Start
dst Wed Mar 21 22:17:05 PDT filer1:vol1 filer2:vol1 End (908000 KB)
dst Wed Mar 21 23:10:00 PDT filer1:vol1 filer2:vol1 Request (Scheduled)
dst Wed Mar 21 23:10:05 PDT filer1:vol1 filer2:vol1 Start
dst Wed Mar 21 23:15:19 PDT filer1:vol1 filer2:vol1 End (908180 KB)
dst Thu Mar 22 00:10:00 PDT filer1:vol1 filer2:vol1 Request (Scheduled)
dst Thu Mar 22 00:10:05 PDT filer1:vol1 filer2:vol1 Start
dst Thu Mar 22 00:36:06 PDT filer1:vol1 filer2:vol1 End (6168364 KB)
dst Thu Mar 22 01:10:00 PDT filer1:vol1 filer2:vol1 Request (Scheduled)
dst Thu Mar 22 01:10:05 PDT filer1:vol1 filer2:vol1 Start
dst Thu Mar 22 01:55:39 PDT filer1:vol1 filer2:vol1 End (1889884 KB)
dst Thu Mar 22 02:10:00 PDT filer1:vol1 filer2:vol1 Request (Scheduled)
dst Thu Mar 22 02:10:05 PDT filer1:vol1 filer2:vol1 Start
dst Thu Mar 22 02:11:30 PDT filer1:vol1 filer2:vol1 End (31408 KB)
dst Thu Mar 22 03:10:00 PDT filer1:vol1 filer2:vol1 Request (Scheduled)
dst Thu Mar 22 03:10:06 PDT filer1:vol1 filer2:vol1 Start
dst Thu Mar 22 03:18:08 PDT filer1:vol1 filer2:vol1 End (411308 KB)
dst Thu Mar 22 04:10:00 PDT filer1:vol1 filer2:vol1 Request (Scheduled)
dst Thu Mar 22 04:10:05 PDT filer1:vol1 filer2:vol1 Start
dst Thu Mar 22 04:24:42 PDT filer1:vol1 filer2:vol1 End (3738396 KB)
dst Thu Mar 22 05:10:00 PDT filer1:vol1 filer2:vol1 Request (Scheduled)
dst Thu Mar 22 05:10:05 PDT filer1:vol1 filer2:vol1 Start
dst Thu Mar 22 05:12:32 PDT filer1:vol1 filer2:vol1 End (420808 KB)
dst Thu Mar 22 06:10:00 PDT filer1:vol1 filer2:vol1 Request (Scheduled)
dst Thu Mar 22 06:10:05 PDT filer1:vol1 filer2:vol1 Start
dst Thu Mar 22 06:12:48 PDT filer1:vol1 filer2:vol1 End (610092 KB)
dst Thu Mar 22 07:10:00 PDT filer1:vol1 filer2:vol1 Request (Scheduled)
dst Thu Mar 22 07:10:06 PDT filer1:vol1 filer2:vol1 Start
dst Thu Mar 22 07:12:35 PDT filer1:vol1 filer2:vol1 End (609916 KB)
dst Thu Mar 22 08:10:00 PDT filer1:vol1 filer2:vol1 Request (Scheduled)
dst Thu Mar 22 08:10:06 PDT filer1:vol1 filer2:vol1 Start
dst Thu Mar 22 08:10:54 PDT filer1:vol1 filer2:vol1 End (45960 KB)
dst Thu Mar 22 09:10:00 PDT filer1:vol1 filer2:vol1 Request (Scheduled)
dst Thu Mar 22 09:10:06 PDT filer1:vol1 filer2:vol1 Start
dst Thu Mar 22 09:13:07 PDT filer1:vol1 filer2:vol1 End (411084 KB)
dst Thu Mar 22 10:10:00 PDT filer1:vol1 filer2:vol1 Request (Scheduled)
dst Thu Mar 22 10:10:06 PDT filer1:vol1 filer2:vol1 Start
dst Thu Mar 22 10:15:44 PDT filer1:vol1 filer2:vol1 End (598264 KB)
dst Thu Mar 22 11:10:00 PDT filer1:vol1 filer2:vol1 Request (Scheduled)
dst Thu Mar 22 11:10:06 PDT filer1:vol1 filer2:vol1 Start
dst Thu Mar 22 11:10:37 PDT filer1:vol1 filer2:vol1 End (41404 KB)
dst Thu Mar 22 12:10:00 PDT filer1:vol1 filer2:vol1 Request (Scheduled)
dst Thu Mar 22 12:10:05 PDT filer1:vol1 filer2:vol1 Start
dst Thu Mar 22 12:18:13 PDT filer1:vol1 filer2:vol1 End (2614732 KB)
dst Thu Mar 22 13:10:00 PDT filer1:vol1 filer2:vol1 Request (Scheduled)
dst Thu Mar 22 13:10:05 PDT filer1:vol1 filer2:vol1 Start
dst Thu Mar 22 13:12:52 PDT filer1:vol1 filer2:vol1 End (477548 KB)
dst Thu Mar 22 14:10:00 PDT filer1:vol1 filer2:vol1 Request (Scheduled)
dst Thu Mar 22 14:10:05 PDT filer1:vol1 filer2:vol1 Start
dst Thu Mar 22 14:15:38 PDT filer1:vol1 filer2:vol1 End (609608 KB)
dst Thu Mar 22 15:10:00 PDT filer1:vol1 filer2:vol1 Request (Scheduled)
dst Thu Mar 22 15:10:07 PDT filer1:vol1 filer2:vol1 Start
dst Thu Mar 22 15:23:41 PDT filer1:vol1 filer2:vol1 End (2931564 KB)
dst Thu Mar 22 16:10:00 PDT filer1:vol1 filer2:vol1 Request (Scheduled)
dst Thu Mar 22 16:10:06 PDT filer1:vol1 filer2:vol1 Start
dst Thu Mar 22 16:21:55 PDT filer1:vol1 filer2:vol1 End (1922704 KB)
dst Thu Mar 22 17:10:00 PDT filer1:vol1 filer2:vol1 Request (Scheduled)
dst Thu Mar 22 17:10:05 PDT filer1:vol1 filer2:vol1 Start
dst Thu Mar 22 17:16:40 PDT filer1:vol1 filer2:vol1 End (683848 KB)
dst Thu Mar 22 18:10:00 PDT filer1:vol1 filer2:vol1 Request (Scheduled)
dst Thu Mar 22 18:10:06 PDT filer1:vol1 filer2:vol1 Start
dst Thu Mar 22 18:11:14 PDT filer1:vol1 filer2:vol1 End (35380 KB)
dst Thu Mar 22 19:10:00 PDT filer1:vol1 filer2:vol1 Request (Scheduled)
dst Thu Mar 22 19:10:06 PDT filer1:vol1 filer2:vol1 Start
dst Thu Mar 22 19:18:53 PDT filer1:vol1 filer2:vol1 End (608596 KB)
dst Thu Mar 22 20:10:00 PDT filer1:vol1 filer2:vol1 Request (Scheduled)
dst Thu Mar 22 20:10:06 PDT filer1:vol1 filer2:vol1 Start
dst Thu Mar 22 20:18:24 PDT filer1:vol1 filer2:vol1 End (609996 KB)
dst Thu Mar 22 21:10:00 PDT filer1:vol1 filer2:vol1 Request (Scheduled)
dst Thu Mar 22 21:10:05 PDT filer1:vol1 filer2:vol1 Start
dst Thu Mar 22 21:11:06 PDT filer1:vol1 filer2:vol1 End (35144 KB)
dst Thu Mar 22 22:10:00 PDT filer1:vol1 filer2:vol1 Request (Scheduled)
dst Thu Mar 22 22:10:23 PDT filer1:vol1 filer2:vol1 Start
dst Thu Mar 22 22:14:05 PDT filer1:vol1 filer2:vol1 End (627488 KB)
dst Thu Mar 22 23:10:00 PDT filer1:vol1 filer2:vol1 Request (Scheduled)
dst Thu Mar 22 23:10:06 PDT filer1:vol1 filer2:vol1 Start
dst Thu Mar 22 23:18:15 PDT filer1:vol1 filer2:vol1 End (1227360 KB)
dst Fri Mar 23 00:10:00 PDT filer1:vol1 filer2:vol1 Request (Scheduled)
dst Fri Mar 23 00:10:06 PDT filer1:vol1 filer2:vol1 Start
dst Fri Mar 23 00:37:26 PDT filer1:vol1 filer2:vol1 End (2008324 KB)
dst Fri Mar 23 01:10:00 PDT filer1:vol1 filer2:vol1 Request (Scheduled)
dst Fri Mar 23 01:10:06 PDT filer1:vol1 filer2:vol1 Start
dst Fri Mar 23 01:10:36 PDT filer1:vol1 filer2:vol1 End (31000 KB)
dst Fri Mar 23 02:10:00 PDT filer1:vol1 filer2:vol1 Request (Scheduled)
dst Fri Mar 23 02:10:05 PDT filer1:vol1 filer2:vol1 Start
dst Fri Mar 23 02:14:06 PDT filer1:vol1 filer2:vol1 End (423188 KB)
dst Fri Mar 23 03:10:00 PDT filer1:vol1 filer2:vol1 Request (Scheduled)
dst Fri Mar 23 03:10:05 PDT filer1:vol1 filer2:vol1 Start
dst Fri Mar 23 03:10:59 PDT filer1:vol1 filer2:vol1 End (46508 KB)
dst Fri Mar 23 04:10:00 PDT filer1:vol1 filer2:vol1 Request (Scheduled)
dst Fri Mar 23 04:10:05 PDT filer1:vol1 filer2:vol1 Start
dst Fri Mar 23 04:12:31 PDT filer1:vol1 filer2:vol1 End (612860 KB)
dst Fri Mar 23 05:10:00 PDT filer1:vol1 filer2:vol1 Request (Scheduled)
dst Fri Mar 23 05:10:05 PDT filer1:vol1 filer2:vol1 Start
dst Fri Mar 23 05:14:19 PDT filer1:vol1 filer2:vol1 End (599404 KB)
dst Fri Mar 23 06:10:00 PDT filer1:vol1 filer2:vol1 Request (Scheduled)
dst Fri Mar 23 06:10:05 PDT filer1:vol1 filer2:vol1 Start
dst Fri Mar 23 06:32:00 PDT filer1:vol1 filer2:vol1 End (609952 KB)
dst Fri Mar 23 07:10:00 PDT filer1:vol1 filer2:vol1 Request (Scheduled)
dst Fri Mar 23 07:10:05 PDT filer1:vol1 filer2:vol1 Start
dst Fri Mar 23 07:49:41 PDT filer1:vol1 filer2:vol1 End (2118548 KB)
dst Fri Mar 23 08:10:00 PDT filer1:vol1 filer2:vol1 Request (Scheduled)
dst Fri Mar 23 08:10:06 PDT filer1:vol1 filer2:vol1 Start
dst Fri Mar 23 08:12:12 PDT filer1:vol1 filer2:vol1 End (47160 KB)
dst Fri Mar 23 09:10:00 PDT filer1:vol1 filer2:vol1 Request (Scheduled)
dst Fri Mar 23 09:10:05 PDT filer1:vol1 filer2:vol1 Start
dst Fri Mar 23 09:23:14 PDT filer1:vol1 filer2:vol1 End (806408 KB)
dst Fri Mar 23 10:10:00 PDT filer1:vol1 filer2:vol1 Request (Scheduled)
dst Fri Mar 23 10:10:08 PDT filer1:vol1 filer2:vol1 Start
dst Fri Mar 23 10:18:20 PDT filer1:vol1 filer2:vol1 End (919332 KB)
dst Fri Mar 23 11:10:00 PDT filer1:vol1 filer2:vol1 Request (Scheduled)
dst Fri Mar 23 11:10:06 PDT filer1:vol1 filer2:vol1 Start
dst Fri Mar 23 12:13:47 PDT filer1:vol1 filer2:vol1 End (6489296 KB)
dst Fri Mar 23 12:14:00 PDT filer1:vol1 filer2:vol1 Request (Scheduled)
dst Fri Mar 23 12:14:05 PDT filer1:vol1 filer2:vol1 Start
dst Fri Mar 23 12:15:51 PDT filer1:vol1 filer2:vol1 End (162464 KB)
dst Fri Mar 23 13:10:00 PDT filer1:vol1 filer2:vol1 Request (Scheduled)
dst Fri Mar 23 13:10:06 PDT filer1:vol1 filer2:vol1 Start
dst Fri Mar 23 13:19:59 PDT filer1:vol1 filer2:vol1 End (2640336 KB)
dst Fri Mar 23 14:10:00 PDT filer1:vol1 filer2:vol1 Request (Scheduled)
dst Fri Mar 23 14:10:06 PDT filer1:vol1 filer2:vol1 Start
dst Fri Mar 23 14:11:16 PDT filer1:vol1 filer2:vol1 End (42796 KB)
dst Fri Mar 23 15:10:00 PDT filer1:vol1 filer2:vol1 Request (Scheduled)
dst Fri Mar 23 15:10:37 PDT filer1:vol1 filer2:vol1 Start
dst Fri Mar 23 15:15:46 PDT filer1:vol1 filer2:vol1 End (1333184 KB)
dst Fri Mar 23 16:10:00 PDT filer1:vol1 filer2:vol1 Request (Scheduled)
dst Fri Mar 23 16:10:06 PDT filer1:vol1 filer2:vol1 Start
dst Fri Mar 23 16:12:45 PDT filer1:vol1 filer2:vol1 End (412952 KB)
dst Fri Mar 23 17:10:00 PDT filer1:vol1 filer2:vol1 Request (Scheduled)
dst Fri Mar 23 17:10:06 PDT filer1:vol1 filer2:vol1 Start
dst Fri Mar 23 17:21:06 PDT filer1:vol1 filer2:vol1 Abort (replication transfer failed to complete)
dst Fri Mar 23 17:22:00 PDT filer1:vol1 filer2:vol1 Request (Retry)
dst Fri Mar 23 17:22:18 PDT filer1:vol1 filer2:vol1 Start
dst Fri Mar 23 17:25:25 PDT filer1:vol1 filer2:vol1 End (662336 KB)
dst Fri Mar 23 18:10:00 PDT filer1:vol1 filer2:vol1 Request (Scheduled)
dst Fri Mar 23 18:10:05 PDT filer1:vol1 filer2:vol1 Start
dst Fri Mar 23 18:12:55 PDT filer1:vol1 filer2:vol1 End (670488 KB)
dst Fri Mar 23 19:10:00 PDT filer1:vol1 filer2:vol1 Request (Scheduled)
dst Fri Mar 23 19:10:29 PDT filer1:vol1 filer2:vol1 Start
dst Fri Mar 23 19:11:05 PDT filer1:vol1 filer2:vol1 End (45660 KB)
dst Fri Mar 23 20:10:00 PDT filer1:vol1 filer2:vol1 Request (Scheduled)
dst Fri Mar 23 20:10:05 PDT filer1:vol1 filer2:vol1 Start
dst Fri Mar 23 20:13:13 PDT filer1:vol1 filer2:vol1 End (640508 KB)
dst Fri Mar 23 21:10:00 PDT filer1:vol1 filer2:vol1 Request (Scheduled)
dst Fri Mar 23 21:10:06 PDT filer1:vol1 filer2:vol1 Start
dst Fri Mar 23 21:12:38 PDT filer1:vol1 filer2:vol1 End (597388 KB)
dst Fri Mar 23 22:10:00 PDT filer1:vol1 filer2:vol1 Request (Scheduled)
dst Fri Mar 23 22:10:05 PDT filer1:vol1 filer2:vol1 Start
dst Fri Mar 23 22:13:41 PDT filer1:vol1 filer2:vol1 End (598616 KB)
dst Fri Mar 23 23:10:00 PDT filer1:vol1 filer2:vol1 Request (Scheduled)
dst Fri Mar 23 23:10:05 PDT filer1:vol1 filer2:vol1 Start
dst Fri Mar 23 23:14:23 PDT filer1:vol1 filer2:vol1 End (609416 KB)
dst Sat Mar 24 00:10:00 PDT filer1:vol1 filer2:vol1 Request (Scheduled)
dst Sat Mar 24 00:10:06 PDT filer1:vol1 filer2:vol1 Start
dst Sat Mar 24 00:15:33 PDT filer1:vol1 filer2:vol1 End (616592 KB)
dst Sat Mar 24 01:10:00 PDT filer1:vol1 filer2:vol1 Request (Scheduled)
dst Sat Mar 24 01:10:05 PDT filer1:vol1 filer2:vol1 Start
dst Sat Mar 24 01:10:42 PDT filer1:vol1 filer2:vol1 End (34576 KB)
dst Sat Mar 24 02:10:00 PDT filer1:vol1 filer2:vol1 Request (Scheduled)
dst Sat Mar 24 02:10:06 PDT filer1:vol1 filer2:vol1 Start
dst Sat Mar 24 02:12:57 PDT filer1:vol1 filer2:vol1 End (609772 KB)
dst Sat Mar 24 03:10:00 PDT filer1:vol1 filer2:vol1 Request (Scheduled)
dst Sat Mar 24 03:10:06 PDT filer1:vol1 filer2:vol1 Start
dst Sat Mar 24 03:12:57 PDT filer1:vol1 filer2:vol1 End (608816 KB)
dst Sat Mar 24 04:10:00 PDT filer1:vol1 filer2:vol1 Request (Scheduled)
dst Sat Mar 24 04:10:06 PDT filer1:vol1 filer2:vol1 Start
dst Sat Mar 24 04:13:57 PDT filer1:vol1 filer2:vol1 End (609336 KB)
dst Sat Mar 24 05:10:00 PDT filer1:vol1 filer2:vol1 Request (Scheduled)
dst Sat Mar 24 05:10:06 PDT filer1:vol1 filer2:vol1 Start
dst Sat Mar 24 05:13:59 PDT filer1:vol1 filer2:vol1 End (608048 KB)
dst Sat Mar 24 06:10:00 PDT filer1:vol1 filer2:vol1 Request (Scheduled)
dst Sat Mar 24 06:10:06 PDT filer1:vol1 filer2:vol1 Start
dst Sat Mar 24 06:14:49 PDT filer1:vol1 filer2:vol1 End (598552 KB)
dst Sat Mar 24 07:10:00 PDT filer1:vol1 filer2:vol1 Request (Scheduled)
dst Sat Mar 24 07:10:05 PDT filer1:vol1 filer2:vol1 Start
dst Sat Mar 24 07:12:41 PDT filer1:vol1 filer2:vol1 End (598700 KB)
dst Sat Mar 24 08:10:00 PDT filer1:vol1 filer2:vol1 Request (Scheduled)
dst Sat Mar 24 08:10:05 PDT filer1:vol1 filer2:vol1 Start
dst Sat Mar 24 08:13:18 PDT filer1:vol1 filer2:vol1 End (609232 KB)
dst Sat Mar 24 09:10:00 PDT filer1:vol1 filer2:vol1 Request (Scheduled)
dst Sat Mar 24 09:10:05 PDT filer1:vol1 filer2:vol1 Start
dst Sat Mar 24 09:18:24 PDT filer1:vol1 filer2:vol1 End (609748 KB)
dst Sat Mar 24 10:10:00 PDT filer1:vol1 filer2:vol1 Request (Scheduled)
dst Sat Mar 24 10:10:05 PDT filer1:vol1 filer2:vol1 Start
dst Sat Mar 24 10:11:18 PDT filer1:vol1 filer2:vol1 End (45216 KB)
dst Sat Mar 24 11:10:00 PDT filer1:vol1 filer2:vol1 Request (Scheduled)
dst Sat Mar 24 11:10:05 PDT filer1:vol1 filer2:vol1 Start
dst Sat Mar 24 11:26:20 PDT filer1:vol1 filer2:vol1 End (607948 KB)
dst Sat Mar 24 12:10:00 PDT filer1:vol1 filer2:vol1 Request (Scheduled)
dst Sat Mar 24 12:10:06 PDT filer1:vol1 filer2:vol1 Start
dst Sat Mar 24 12:11:18 PDT filer1:vol1 filer2:vol1 End (34324 KB)
dst Sat Mar 24 13:10:00 PDT filer1:vol1 filer2:vol1 Request (Scheduled)
dst Sat Mar 24 13:10:05 PDT filer1:vol1 filer2:vol1 Start
dst Sat Mar 24 13:13:38 PDT filer1:vol1 filer2:vol1 End (672256 KB)
dst Sat Mar 24 14:10:00 PDT filer1:vol1 filer2:vol1 Request (Scheduled)
dst Sat Mar 24 14:10:05 PDT filer1:vol1 filer2:vol1 Start
dst Sat Mar 24 14:18:31 PDT filer1:vol1 filer2:vol1 End (597636 KB)
dst Sat Mar 24 15:10:00 PDT filer1:vol1 filer2:vol1 Request (Scheduled)
dst Sat Mar 24 15:10:05 PDT filer1:vol1 filer2:vol1 Start
dst Sat Mar 24 15:10:37 PDT filer1:vol1 filer2:vol1 End (45296 KB)
dst Sat Mar 24 16:10:00 PDT filer1:vol1 filer2:vol1 Request (Scheduled)
dst Sat Mar 24 16:10:06 PDT filer1:vol1 filer2:vol1 Start
dst Sat Mar 24 16:12:55 PDT filer1:vol1 filer2:vol1 End (612588 KB)
dst Sat Mar 24 17:10:00 PDT filer1:vol1 filer2:vol1 Request (Scheduled)
dst Sat Mar 24 17:10:06 PDT filer1:vol1 filer2:vol1 Start
dst Sat Mar 24 17:12:37 PDT filer1:vol1 filer2:vol1 End (597540 KB)
dst Sat Mar 24 18:10:00 PDT filer1:vol1 filer2:vol1 Request (Scheduled)
dst Sat Mar 24 18:10:06 PDT filer1:vol1 filer2:vol1 Start
dst Sat Mar 24 18:12:45 PDT filer1:vol1 filer2:vol1 End (609776 KB)
dst Sat Mar 24 19:10:00 PDT filer1:vol1 filer2:vol1 Request (Scheduled)
dst Sat Mar 24 19:10:06 PDT filer1:vol1 filer2:vol1 Start
dst Sat Mar 24 19:14:38 PDT filer1:vol1 filer2:vol1 End (609048 KB)
dst Sat Mar 24 20:10:00 PDT filer1:vol1 filer2:vol1 Request (Scheduled)
dst Sat Mar 24 20:10:06 PDT filer1:vol1 filer2:vol1 Start
dst Sat Mar 24 20:13:04 PDT filer1:vol1 filer2:vol1 End (609264 KB)
dst Sat Mar 24 21:10:00 PDT filer1:vol1 filer2:vol1 Request (Scheduled)
dst Sat Mar 24 21:10:05 PDT filer1:vol1 filer2:vol1 Start
dst Sat Mar 24 21:14:29 PDT filer1:vol1 filer2:vol1 End (609828 KB)
dst Sat Mar 24 22:10:00 PDT filer1:vol1 filer2:vol1 Request (Scheduled)
dst Sat Mar 24 22:10:05 PDT filer1:vol1 filer2:vol1 Start
dst Sat Mar 24 22:14:48 PDT filer1:vol1 filer2:vol1 End (608056 KB)
dst Sat Mar 24 23:10:00 PDT filer1:vol1 filer2:vol1 Request (Scheduled)
dst Sat Mar 24 23:10:05 PDT filer1:vol1 filer2:vol1 Start
dst Sat Mar 24 23:14:05 PDT filer1:vol1 filer2:vol1 End (609484 KB)
